{
    "log_date": "[2020-09-01 21:00:27][0.71160900 1598965227]",
    "log_info": {
        "user_name": "admin",
        "password": "admin"
    },
    "log_content": null
}
{
    "log_date": "[2020-09-01 21:02:52][0.84891000 1598965372]",
    "log_info": {
        "user_name": "admin",
        "password": "admin"
    },
    "log_content": null
}
{
    "log_date": "[2020-09-01 21:06:58][0.25394600 1598965618]",
    "log_info": {
        "user_name": "admin",
        "password": "admin"
    },
    "log_content": null
}
